{"name": "Verify total price information", "status": "broken", "statusDetails": {"message": "selenium.common.exceptions.NoSuchElementException: Message: no such element: Unable to locate element: {\"method\":\"css selector\",\"selector\":\"#add-to-cart-sauce-labs-bolt-t-shirt\"}\n  (Session info: chrome=131.0.6778.205); For documentation on this error, please visit: https://www.selenium.dev/documentation/webdriver/troubleshooting/errors#no-such-element-exception\nStacktrace:\n\tGetHandleVerifier [0x00007FF7CCEA80D5+2992373]\n\t(No symbol) [0x00007FF7CCB3BFD0]\n\t(No symbol) [0x00007FF7CC9D590A]\n\t(No symbol) [0x00007FF7CCA2926E]\n\t(No symbol) [0x00007FF7CCA2955C]\n\t(No symbol) [0x00007FF7CCA727D7]\n\t(No symbol) [0x00007FF7CCA4F3AF]\n\t(No symbol) [0x00007FF7CCA6F584]\n\t(No symbol) [0x00007FF7CCA4F113]\n\t(No symbol) [0x00007FF7CCA1A918]\n\t(No symbol) [0x00007FF7CCA1BA81]\n\tGetHandleVerifier [0x00007FF7CCF06A2D+3379789]\n\tGetHandleVerifier [0x00007FF7CCF1C32D+3468109]\n\tGetHandleVerifier [0x00007FF7CCF10043+3418211]\n\tGetHandleVerifier [0x00007FF7CCC9C78B+847787]\n\t(No symbol) [0x00007FF7CCB4757F]\n\t(No symbol) [0x00007FF7CCB42FC4]\n\t(No symbol) [0x00007FF7CCB4315D]\n\t(No symbol) [0x00007FF7CCB32979]\n\tBaseThreadInitThunk [0x00007FF8A131E8D7+23]\n\tRtlUserThreadStart [0x00007FF8A213FBCC+44]", "trace": "self = <tests.test_overview_page.TestOverviewPage object at 0x000001A0C4109400>, product = 'sauce_labs_bolt_t-shirt_position'\n\n    @allure.severity(allure.severity_level.CRITICAL)\n    @allure.description(\"Logging in, adding a product to cart, going to cart, going to checkout, going to overview page, \"\n                        \"verify total price information. Then logging out\")\n    @allure.title(\"Verify total price information\")\n    @allure.story(\"Adding a product to cart, going to cart and from there to overview. Filling information and verify \"\n                  \"the total price information\")\n    @pytest.mark.parametrize(\"product\", product_list)\n    def test_verify_total_price_info(self, product):\n        item_net_price = float(ConfigReader.read_config(\"overview_page_data\", product.replace(\"_position\", \"_price\")))\n        total_item_price = round(item_net_price * 1.08, 2)\n    \n>       overview_page = self.get_to_overview_page(product)\n\ntest_overview_page.py:115: \n_ _ _ _ _ _ _ _ _ _ _ _ _ _ _ _ _ _ _ _ _ _ _ _ _ _ _ _ _ _ _ _ _ _ _ _ _ _ _ _ _ _ _ _ _ _ _ _ _ _ _ _ _ _ _ _ _ _ _ _ _ _ _ _ _ _ _ _ _ _ _ _ _ _ _ _ _ _ _ _ _ _ _ _ _ _ _ _ _ _ _ _ _ _ _ _ _ _ _ _ _ _ _ _ _ _ _ _ _ _ _ _ _ _\ntest_overview_page.py:23: in get_to_overview_page\n    GeneralHelp.add_product_to_cart(self, prod_list_page, product)\n..\\utils\\general_helpers.py:20: in add_product_to_cart\n    prod_list_page.quick_add_item_to_cart(product_num)\n..\\pages\\prod_list_page.py:67: in quick_add_item_to_cart\n    self.click(self.SAUCE_LABS_BOLT_TSHIRT_ADD_TO_CART_BTN)\n..\\pages\\base_page.py:17: in click\n    self.highlight_element(locator, \"yellow\")\n..\\pages\\base_page.py:35: in highlight_element\n    element = self.driver.find_element(*locator)\n..\\venv\\Lib\\site-packages\\selenium\\webdriver\\remote\\webdriver.py:770: in find_element\n    return self.execute(Command.FIND_ELEMENT, {\"using\": by, \"value\": value})[\"value\"]\n..\\venv\\Lib\\site-packages\\selenium\\webdriver\\remote\\webdriver.py:384: in execute\n    self.error_handler.check_response(response)\n_ _ _ _ _ _ _ _ _ _ _ _ _ _ _ _ _ _ _ _ _ _ _ _ _ _ _ _ _ _ _ _ _ _ _ _ _ _ _ _ _ _ _ _ _ _ _ _ _ _ _ _ _ _ _ _ _ _ _ _ _ _ _ _ _ _ _ _ _ _ _ _ _ _ _ _ _ _ _ _ _ _ _ _ _ _ _ _ _ _ _ _ _ _ _ _ _ _ _ _ _ _ _ _ _ _ _ _ _ _ _ _ _ _\n\nself = <selenium.webdriver.remote.errorhandler.ErrorHandler object at 0x000001A0C410B1A0>\nresponse = {'status': 404, 'value': '{\"value\":{\"error\":\"no such element\",\"message\":\"no such element: Unable to locate element: {\\...07FF7CCB32979]\\\\n\\\\tBaseThreadInitThunk [0x00007FF8A131E8D7+23]\\\\n\\\\tRtlUserThreadStart [0x00007FF8A213FBCC+44]\\\\n\"}}'}\n\n    def check_response(self, response: Dict[str, Any]) -> None:\n        \"\"\"Checks that a JSON response from the WebDriver does not have an\n        error.\n    \n        :Args:\n         - response - The JSON response from the WebDriver server as a dictionary\n           object.\n    \n        :Raises: If the response contains an error message.\n        \"\"\"\n        status = response.get(\"status\", None)\n        if not status or status == ErrorCode.SUCCESS:\n            return\n        value = None\n        message = response.get(\"message\", \"\")\n        screen: str = response.get(\"screen\", \"\")\n        stacktrace = None\n        if isinstance(status, int):\n            value_json = response.get(\"value\", None)\n            if value_json and isinstance(value_json, str):\n                import json\n    \n                try:\n                    value = json.loads(value_json)\n                    if len(value) == 1:\n                        value = value[\"value\"]\n                    status = value.get(\"error\", None)\n                    if not status:\n                        status = value.get(\"status\", ErrorCode.UNKNOWN_ERROR)\n                        message = value.get(\"value\") or value.get(\"message\")\n                        if not isinstance(message, str):\n                            value = message\n                            message = message.get(\"message\")\n                    else:\n                        message = value.get(\"message\", None)\n                except ValueError:\n                    pass\n    \n        exception_class: Type[WebDriverException]\n        e = ErrorCode()\n        error_codes = [item for item in dir(e) if not item.startswith(\"__\")]\n        for error_code in error_codes:\n            error_info = getattr(ErrorCode, error_code)\n            if isinstance(error_info, list) and status in error_info:\n                exception_class = getattr(ExceptionMapping, error_code, WebDriverException)\n                break\n        else:\n            exception_class = WebDriverException\n    \n        if not value:\n            value = response[\"value\"]\n        if isinstance(value, str):\n            raise exception_class(value)\n        if message == \"\" and \"message\" in value:\n            message = value[\"message\"]\n    \n        screen = None  # type: ignore[assignment]\n        if \"screen\" in value:\n            screen = value[\"screen\"]\n    \n        stacktrace = None\n        st_value = value.get(\"stackTrace\") or value.get(\"stacktrace\")\n        if st_value:\n            if isinstance(st_value, str):\n                stacktrace = st_value.split(\"\\n\")\n            else:\n                stacktrace = []\n                try:\n                    for frame in st_value:\n                        line = frame.get(\"lineNumber\", \"\")\n                        file = frame.get(\"fileName\", \"<anonymous>\")\n                        if line:\n                            file = f\"{file}:{line}\"\n                        meth = frame.get(\"methodName\", \"<anonymous>\")\n                        if \"className\" in frame:\n                            meth = f\"{frame['className']}.{meth}\"\n                        msg = \"    at %s (%s)\"\n                        msg = msg % (meth, file)\n                        stacktrace.append(msg)\n                except TypeError:\n                    pass\n        if exception_class == UnexpectedAlertPresentException:\n            alert_text = None\n            if \"data\" in value:\n                alert_text = value[\"data\"].get(\"text\")\n            elif \"alert\" in value:\n                alert_text = value[\"alert\"].get(\"text\")\n            raise exception_class(message, screen, stacktrace, alert_text)  # type: ignore[call-arg]  # mypy is not smart enough here\n>       raise exception_class(message, screen, stacktrace)\nE       selenium.common.exceptions.NoSuchElementException: Message: no such element: Unable to locate element: {\"method\":\"css selector\",\"selector\":\"#add-to-cart-sauce-labs-bolt-t-shirt\"}\nE         (Session info: chrome=131.0.6778.205); For documentation on this error, please visit: https://www.selenium.dev/documentation/webdriver/troubleshooting/errors#no-such-element-exception\nE       Stacktrace:\nE       \tGetHandleVerifier [0x00007FF7CCEA80D5+2992373]\nE       \t(No symbol) [0x00007FF7CCB3BFD0]\nE       \t(No symbol) [0x00007FF7CC9D590A]\nE       \t(No symbol) [0x00007FF7CCA2926E]\nE       \t(No symbol) [0x00007FF7CCA2955C]\nE       \t(No symbol) [0x00007FF7CCA727D7]\nE       \t(No symbol) [0x00007FF7CCA4F3AF]\nE       \t(No symbol) [0x00007FF7CCA6F584]\nE       \t(No symbol) [0x00007FF7CCA4F113]\nE       \t(No symbol) [0x00007FF7CCA1A918]\nE       \t(No symbol) [0x00007FF7CCA1BA81]\nE       \tGetHandleVerifier [0x00007FF7CCF06A2D+3379789]\nE       \tGetHandleVerifier [0x00007FF7CCF1C32D+3468109]\nE       \tGetHandleVerifier [0x00007FF7CCF10043+3418211]\nE       \tGetHandleVerifier [0x00007FF7CCC9C78B+847787]\nE       \t(No symbol) [0x00007FF7CCB4757F]\nE       \t(No symbol) [0x00007FF7CCB42FC4]\nE       \t(No symbol) [0x00007FF7CCB4315D]\nE       \t(No symbol) [0x00007FF7CCB32979]\nE       \tBaseThreadInitThunk [0x00007FF8A131E8D7+23]\nE       \tRtlUserThreadStart [0x00007FF8A213FBCC+44]\n\n..\\venv\\Lib\\site-packages\\selenium\\webdriver\\remote\\errorhandler.py:232: NoSuchElementException"}, "description": "Logging in, adding a product to cart, going to cart, going to checkout, going to overview page, verify total price information. Then logging out", "steps": [{"name": "Login with Username: 'standard_user' and Password: 'secret_sauce'", "status": "passed", "parameters": [{"name": "username", "value": "'standard_user'"}, {"name": "password", "value": "'secret_sauce'"}], "start": 1736326583479, "stop": 1736326586237}, {"name": "Add product to cart from products list page (product number in DB is : 3)", "status": "broken", "statusDetails": {"message": "selenium.common.exceptions.NoSuchElementException: Message: no such element: Unable to locate element: {\"method\":\"css selector\",\"selector\":\"#add-to-cart-sauce-labs-bolt-t-shirt\"}\n  (Session info: chrome=131.0.6778.205); For documentation on this error, please visit: https://www.selenium.dev/documentation/webdriver/troubleshooting/errors#no-such-element-exception\nStacktrace:\n\tGetHandleVerifier [0x00007FF7CCEA80D5+2992373]\n\t(No symbol) [0x00007FF7CCB3BFD0]\n\t(No symbol) [0x00007FF7CC9D590A]\n\t(No symbol) [0x00007FF7CCA2926E]\n\t(No symbol) [0x00007FF7CCA2955C]\n\t(No symbol) [0x00007FF7CCA727D7]\n\t(No symbol) [0x00007FF7CCA4F3AF]\n\t(No symbol) [0x00007FF7CCA6F584]\n\t(No symbol) [0x00007FF7CCA4F113]\n\t(No symbol) [0x00007FF7CCA1A918]\n\t(No symbol) [0x00007FF7CCA1BA81]\n\tGetHandleVerifier [0x00007FF7CCF06A2D+3379789]\n\tGetHandleVerifier [0x00007FF7CCF1C32D+3468109]\n\tGetHandleVerifier [0x00007FF7CCF10043+3418211]\n\tGetHandleVerifier [0x00007FF7CCC9C78B+847787]\n\t(No symbol) [0x00007FF7CCB4757F]\n\t(No symbol) [0x00007FF7CCB42FC4]\n\t(No symbol) [0x00007FF7CCB4315D]\n\t(No symbol) [0x00007FF7CCB32979]\n\tBaseThreadInitThunk [0x00007FF8A131E8D7+23]\n\tRtlUserThreadStart [0x00007FF8A213FBCC+44]\n\n", "trace": "  File \"D:\\PersonalPrograming\\Python\\AutomationCourse\\AutomationProjects\\sauceDemoProject\\venv\\Lib\\site-packages\\allure_commons\\_allure.py\", line 192, in impl\n    return func(*a, **kw)\n           ^^^^^^^^^^^^^^\n  File \"D:\\PersonalPrograming\\Python\\AutomationCourse\\AutomationProjects\\sauceDemoProject\\pages\\prod_list_page.py\", line 67, in quick_add_item_to_cart\n    self.click(self.SAUCE_LABS_BOLT_TSHIRT_ADD_TO_CART_BTN)\n  File \"D:\\PersonalPrograming\\Python\\AutomationCourse\\AutomationProjects\\sauceDemoProject\\pages\\base_page.py\", line 17, in click\n    self.highlight_element(locator, \"yellow\")\n  File \"D:\\PersonalPrograming\\Python\\AutomationCourse\\AutomationProjects\\sauceDemoProject\\pages\\base_page.py\", line 35, in highlight_element\n    element = self.driver.find_element(*locator)\n              ^^^^^^^^^^^^^^^^^^^^^^^^^^^^^^^^^^\n  File \"D:\\PersonalPrograming\\Python\\AutomationCourse\\AutomationProjects\\sauceDemoProject\\venv\\Lib\\site-packages\\selenium\\webdriver\\remote\\webdriver.py\", line 770, in find_element\n    return self.execute(Command.FIND_ELEMENT, {\"using\": by, \"value\": value})[\"value\"]\n           ^^^^^^^^^^^^^^^^^^^^^^^^^^^^^^^^^^^^^^^^^^^^^^^^^^^^^^^^^^^^^^^^^\n  File \"D:\\PersonalPrograming\\Python\\AutomationCourse\\AutomationProjects\\sauceDemoProject\\venv\\Lib\\site-packages\\selenium\\webdriver\\remote\\webdriver.py\", line 384, in execute\n    self.error_handler.check_response(response)\n  File \"D:\\PersonalPrograming\\Python\\AutomationCourse\\AutomationProjects\\sauceDemoProject\\venv\\Lib\\site-packages\\selenium\\webdriver\\remote\\errorhandler.py\", line 232, in check_response\n    raise exception_class(message, screen, stacktrace)\n"}, "parameters": [{"name": "prod", "value": "3"}], "start": 1736326586238, "stop": 1736326588249}], "attachments": [{"name": "screenshot", "source": "ad839955-5598-4c02-93a4-0691cc898d5c-attachment.png", "type": "image/png"}], "parameters": [{"name": "product", "value": "'sauce_labs_bolt_t-shirt_position'"}], "start": 1736326583471, "stop": 1736326588285, "uuid": "4db111f5-657a-4ec8-a977-a7b177f40640", "historyId": "d667ad319b64e041fa746343ced9f2f3", "testCaseId": "dc136c838df0b6ab184180d818a2239c", "fullName": "test_overview_page.TestOverviewPage#test_verify_total_price_info", "labels": [{"name": "epic", "value": "Purchase"}, {"name": "story", "value": "Adding a product to cart, going to cart and from there to overview. Filling information and verify the total price information"}, {"name": "severity", "value": "critical"}, {"name": "feature", "value": "Overview"}, {"name": "suite", "value": "test_overview_page"}, {"name": "subSuite", "value": "TestOverviewPage"}, {"name": "host", "value": "DESKTOP-52FQS7R"}, {"name": "thread", "value": "102876-MainThread"}, {"name": "framework", "value": "pytest"}, {"name": "language", "value": "cpython3"}, {"name": "package", "value": "test_overview_page"}]}