{"name": "Invalid input in checkout", "status": "failed", "statusDetails": {"message": "AssertionError: Actual result = 'No error', expected = 'Error: First Name is required'\nassert 'No error' == 'Error: First...e is required'\n  \n  - Error: First Name is required\n  + No error", "trace": "self = <tests.test_checkout_page.TestCheckoutPage object at 0x000001A0C40DF9E0>, first_name = '11111', last_name = 'Martinez', zip = '94103'\n\n    @allure.severity(allure.severity_level.NORMAL)\n    @allure.description(\"Logging in, adding product to cart, going to cart, go to checkout, adding invalid information\"\n                        \"continue to overview page. Then logging out\")\n    @allure.title(\"Invalid input in checkout\")\n    @allure.story(\"Filling invalid information in checkout\")\n    @pytest.mark.parametrize(\"first_name, last_name, zip\", invalid_checkout_info)\n    def test_fill_checkout_info_missing_info(self, first_name, last_name, zip):\n        first_name = ConfigReader.read_config(\"invalid_checkout_data\", first_name)\n        last_name = ConfigReader.read_config(\"invalid_checkout_data\", last_name)\n        zip = ConfigReader.read_config(\"invalid_checkout_data\", zip)\n    \n        checkout_page = self.get_to_checkout_page()\n        checkout_page.fill_info(first_name, last_name, zip)\n    \n        expected_result = \"\"\n        if first_name == \"\" or first_name.isnumeric():\n                expected_result = \"Error: First Name is required\"\n        elif last_name == \"\" or last_name.isnumeric():\n                expected_result = \"Error: Last Name is required\"\n        elif zip == \"\" or zip.isalpha():\n                expected_result = \"Error: Postal Code is required\"\n    \n        try:\n            actual_result = checkout_page.get_checkout_error_msg()\n        except Exception as e:\n            print(e)\n            actual_result = \"No error\"\n    \n>       assert actual_result == expected_result, f\"Actual result = '{actual_result}', expected = '{expected_result}'\"\nE       AssertionError: Actual result = 'No error', expected = 'Error: First Name is required'\nE       assert 'No error' == 'Error: First...e is required'\nE         \nE         - Error: First Name is required\nE         + No error\n\ntest_checkout_page.py:87: AssertionError"}, "description": "Logging in, adding product to cart, going to cart, go to checkout, adding invalid informationcontinue to overview page. Then logging out", "steps": [{"name": "Login with Username: 'standard_user' and Password: 'secret_sauce'", "status": "passed", "parameters": [{"name": "username", "value": "'standard_user'"}, {"name": "password", "value": "'secret_sauce'"}], "start": 1736325986845, "stop": 1736325991068}, {"name": "Add product to cart from products list page (product number in DB is : 3)", "status": "passed", "parameters": [{"name": "prod", "value": "3"}], "start": 1736325991070, "stop": 1736325993226}, {"name": "Go to cart", "status": "passed", "start": 1736325993226, "stop": 1736325995372}, {"name": "Go to checkout page", "status": "passed", "start": 1736325995372, "stop": 1736325997489}, {"name": "Checkout information: first name: '11111', last name: 'Martinez', zip: '94103'", "status": "passed", "parameters": [{"name": "first_name", "value": "'11111'"}, {"name": "last_name", "value": "'Martinez'"}, {"name": "zip_code", "value": "'94103'"}], "start": 1736325997489, "stop": 1736325999975}, {"name": "Get checkout page error message", "status": "broken", "statusDetails": {"message": "selenium.common.exceptions.NoSuchElementException: Message: no such element: Unable to locate element: {\"method\":\"css selector\",\"selector\":\"[data-test='error']\"}\n  (Session info: chrome=131.0.6778.205); For documentation on this error, please visit: https://www.selenium.dev/documentation/webdriver/troubleshooting/errors#no-such-element-exception\nStacktrace:\n\tGetHandleVerifier [0x00007FF7CCEA80D5+2992373]\n\t(No symbol) [0x00007FF7CCB3BFD0]\n\t(No symbol) [0x00007FF7CC9D590A]\n\t(No symbol) [0x00007FF7CCA2926E]\n\t(No symbol) [0x00007FF7CCA2955C]\n\t(No symbol) [0x00007FF7CCA727D7]\n\t(No symbol) [0x00007FF7CCA4F3AF]\n\t(No symbol) [0x00007FF7CCA6F584]\n\t(No symbol) [0x00007FF7CCA4F113]\n\t(No symbol) [0x00007FF7CCA1A918]\n\t(No symbol) [0x00007FF7CCA1BA81]\n\tGetHandleVerifier [0x00007FF7CCF06A2D+3379789]\n\tGetHandleVerifier [0x00007FF7CCF1C32D+3468109]\n\tGetHandleVerifier [0x00007FF7CCF10043+3418211]\n\tGetHandleVerifier [0x00007FF7CCC9C78B+847787]\n\t(No symbol) [0x00007FF7CCB4757F]\n\t(No symbol) [0x00007FF7CCB42FC4]\n\t(No symbol) [0x00007FF7CCB4315D]\n\t(No symbol) [0x00007FF7CCB32979]\n\tBaseThreadInitThunk [0x00007FF8A131E8D7+23]\n\tRtlUserThreadStart [0x00007FF8A213FBCC+44]\n\n", "trace": "  File \"D:\\PersonalPrograming\\Python\\AutomationCourse\\AutomationProjects\\sauceDemoProject\\venv\\Lib\\site-packages\\allure_commons\\_allure.py\", line 192, in impl\n    return func(*a, **kw)\n           ^^^^^^^^^^^^^^\n  File \"D:\\PersonalPrograming\\Python\\AutomationCourse\\AutomationProjects\\sauceDemoProject\\pages\\checkout_page.py\", line 36, in get_checkout_error_msg\n    return self.get_text(self.ERROR_MSG)\n           ^^^^^^^^^^^^^^^^^^^^^^^^^^^^^\n  File \"D:\\PersonalPrograming\\Python\\AutomationCourse\\AutomationProjects\\sauceDemoProject\\pages\\base_page.py\", line 22, in get_text\n    self.highlight_element(locator, \"red\")\n  File \"D:\\PersonalPrograming\\Python\\AutomationCourse\\AutomationProjects\\sauceDemoProject\\pages\\base_page.py\", line 35, in highlight_element\n    element = self.driver.find_element(*locator)\n              ^^^^^^^^^^^^^^^^^^^^^^^^^^^^^^^^^^\n  File \"D:\\PersonalPrograming\\Python\\AutomationCourse\\AutomationProjects\\sauceDemoProject\\venv\\Lib\\site-packages\\selenium\\webdriver\\remote\\webdriver.py\", line 770, in find_element\n    return self.execute(Command.FIND_ELEMENT, {\"using\": by, \"value\": value})[\"value\"]\n           ^^^^^^^^^^^^^^^^^^^^^^^^^^^^^^^^^^^^^^^^^^^^^^^^^^^^^^^^^^^^^^^^^\n  File \"D:\\PersonalPrograming\\Python\\AutomationCourse\\AutomationProjects\\sauceDemoProject\\venv\\Lib\\site-packages\\selenium\\webdriver\\remote\\webdriver.py\", line 384, in execute\n    self.error_handler.check_response(response)\n  File \"D:\\PersonalPrograming\\Python\\AutomationCourse\\AutomationProjects\\sauceDemoProject\\venv\\Lib\\site-packages\\selenium\\webdriver\\remote\\errorhandler.py\", line 232, in check_response\n    raise exception_class(message, screen, stacktrace)\n"}, "start": 1736325999976, "stop": 1736326002010}], "attachments": [{"name": "screenshot", "source": "bef00202-8548-4db8-bdac-139d6ec82f91-attachment.png", "type": "image/png"}, {"name": "stdout", "source": "d4941c2c-be18-46d9-ad15-a27eac9b3990-attachment.txt", "type": "text/plain"}], "parameters": [{"name": "first_name", "value": "'first_name4'"}, {"name": "last_name", "value": "'last_name4'"}, {"name": "zip", "value": "'zip4'"}], "start": 1736325986829, "stop": 1736326002019, "uuid": "e16298f5-49fc-4b3b-a89a-0fee3a9ab013", "historyId": "df042b13ad395a25df73cbebca398af2", "testCaseId": "bf37484fafbb53c77c705686a193b5d5", "fullName": "test_checkout_page.TestCheckoutPage#test_fill_checkout_info_missing_info", "labels": [{"name": "epic", "value": "Purchase"}, {"name": "feature", "value": "Checkout"}, {"name": "severity", "value": "normal"}, {"name": "story", "value": "Filling invalid information in checkout"}, {"name": "suite", "value": "test_checkout_page"}, {"name": "subSuite", "value": "TestCheckoutPage"}, {"name": "host", "value": "DESKTOP-52FQS7R"}, {"name": "thread", "value": "102876-MainThread"}, {"name": "framework", "value": "pytest"}, {"name": "language", "value": "cpython3"}, {"name": "package", "value": "test_checkout_page"}]}